<?xml version="1.0" encoding="UTF-8" standalone="no"?>
<!DOCTYPE log SYSTEM "logger.dtd">
<log>
<record>
  <date>2019-05-06T16:06:00.619-0300</date>
  <logger>EZEQUIAS DE OLIVEIRA ROCHA</logger>
  <level>FINE</level>
  <message>File 118110753-EZEQUIAS DE OLIVEIRA ROCHA.zip was received. It was sent by EZEQUIAS DE OLIVEIRA ROCHA from IP 150.165.42.125 at 06-05-2019 16*06*00</message>
</record>
</log>
<?xml version="1.0" encoding="UTF-8" standalone="no"?>
<!DOCTYPE log SYSTEM "logger.dtd">
<log>
<record>
  <date>2019-05-06T16:59:20.391-0300</date>
  <logger>EZEQUIAS DE OLIVEIRA ROCHA</logger>
  <level>FINE</level>
  <message>File 118110753-EZEQUIAS DE OLIVEIRA ROCHA.zip was received. It was sent by EZEQUIAS DE OLIVEIRA ROCHA from IP 150.165.42.125 at 06-05-2019 16*59*20</message>
</record>
</log>
<?xml version="1.0" encoding="UTF-8" standalone="no"?>
<!DOCTYPE log SYSTEM "logger.dtd">
<log>
<record>
  <date>2019-05-06T17:00:33.374-0300</date>
  <logger>EZEQUIAS DE OLIVEIRA ROCHA</logger>
  <level>FINE</level>
  <message>File 118110753-EZEQUIAS DE OLIVEIRA ROCHA.zip was received. It was sent by EZEQUIAS DE OLIVEIRA ROCHA from IP 150.165.42.125 at 06-05-2019 17*00*33</message>
</record>
</log>
<?xml version="1.0" encoding="UTF-8" standalone="no"?>
<!DOCTYPE log SYSTEM "logger.dtd">
<log>
<record>
  <date>2019-05-06T21:33:46.358-0300</date>
  <logger>EZEQUIAS DE OLIVEIRA ROCHA</logger>
  <level>FINE</level>
  <message>File 118110753-EZEQUIAS DE OLIVEIRA ROCHA.zip was received. It was sent by EZEQUIAS DE OLIVEIRA ROCHA from IP 192.168.0.125 at 06-05-2019 21*33*46</message>
</record>
</log>
<?xml version="1.0" encoding="UTF-8" standalone="no"?>
<!DOCTYPE log SYSTEM "logger.dtd">
<log>
<record>
  <date>2019-05-06T22:15:06.224-0300</date>
  <logger>EZEQUIAS DE OLIVEIRA ROCHA</logger>
  <level>FINE</level>
  <message>File 118110753-EZEQUIAS DE OLIVEIRA ROCHA.zip was received. It was sent by EZEQUIAS DE OLIVEIRA ROCHA from IP 192.168.0.125 at 06-05-2019 22*15*06</message>
</record>
