<?xml version="1.0" encoding="UTF-8" standalone="no"?>
<!DOCTYPE log SYSTEM "logger.dtd">
<log>
<record>
  <date>2019-04-15T16:23:24.385-0300</date>
  <logger>EZEQUIAS DE OLIVEIRA ROCHA</logger>
  <level>FINE</level>
  <message>File 118110753-EZEQUIAS DE OLIVEIRA ROCHA.zip was received. It was sent by EZEQUIAS DE OLIVEIRA ROCHA from IP 150.165.42.125</message>
</record>
</log>
<?xml version="1.0" encoding="UTF-8" standalone="no"?>
<!DOCTYPE log SYSTEM "logger.dtd">
<log>
<record>
  <date>2019-04-15T21:52:50.291-0300</date>
  <logger>EZEQUIAS DE OLIVEIRA ROCHA</logger>
  <level>FINE</level>
  <message>File 118110753-EZEQUIAS DE OLIVEIRA ROCHA.zip was received. It was sent by EZEQUIAS DE OLIVEIRA ROCHA from IP 192.168.0.125</message>
</record>
</log>
<?xml version="1.0" encoding="UTF-8" standalone="no"?>
<!DOCTYPE log SYSTEM "logger.dtd">
<log>
<record>
  <date>2019-04-15T21:58:41.283-0300</date>
  <logger>EZEQUIAS DE OLIVEIRA ROCHA</logger>
  <level>FINE</level>
  <message>File 118110753-EZEQUIAS DE OLIVEIRA ROCHA.zip was received. It was sent by EZEQUIAS DE OLIVEIRA ROCHA from IP 192.168.0.125</message>
</record>
</log>
<?xml version="1.0" encoding="UTF-8" standalone="no"?>
<!DOCTYPE log SYSTEM "logger.dtd">
<log>
<record>
  <date>2019-04-15T22:01:30.655-0300</date>
  <logger>EZEQUIAS DE OLIVEIRA ROCHA</logger>
  <level>FINE</level>
  <message>File 118110753-EZEQUIAS DE OLIVEIRA ROCHA.zip was received. It was sent by EZEQUIAS DE OLIVEIRA ROCHA from IP 192.168.0.125</message>
</record>
