<?xml version="1.0" encoding="UTF-8" standalone="no"?>
<!DOCTYPE log SYSTEM "logger.dtd">
<log>
<record>
  <date>2019-04-25T14:09:40.412-0300</date>
  <logger>EZEQUIAS DE OLIVEIRA ROCHA</logger>
  <level>FINE</level>
  <message>File 118110753-EZEQUIAS DE OLIVEIRA ROCHA.zip was received. It was sent by EZEQUIAS DE OLIVEIRA ROCHA from IP 150.165.42.124</message>
</record>
</log>
<?xml version="1.0" encoding="UTF-8" standalone="no"?>
<!DOCTYPE log SYSTEM "logger.dtd">
<log>
<record>
  <date>2019-04-25T15:16:48.325-0300</date>
  <logger>EZEQUIAS DE OLIVEIRA ROCHA</logger>
  <level>FINE</level>
  <message>File 118110753-EZEQUIAS DE OLIVEIRA ROCHA.zip was received. It was sent by EZEQUIAS DE OLIVEIRA ROCHA from IP 150.165.42.124</message>
</record>
</log>
<?xml version="1.0" encoding="UTF-8" standalone="no"?>
<!DOCTYPE log SYSTEM "logger.dtd">
<log>
<record>
  <date>2019-04-25T15:44:54.148-0300</date>
  <logger>EZEQUIAS DE OLIVEIRA ROCHA</logger>
  <level>FINE</level>
  <message>File 118110753-EZEQUIAS DE OLIVEIRA ROCHA.zip was received. It was sent by EZEQUIAS DE OLIVEIRA ROCHA from IP 150.165.42.124</message>
</record>
</log>
<?xml version="1.0" encoding="UTF-8" standalone="no"?>
<!DOCTYPE log SYSTEM "logger.dtd">
<log>
<record>
  <date>2019-04-25T22:19:32.739-0300</date>
  <logger>EZEQUIAS DE OLIVEIRA ROCHA</logger>
  <level>FINE</level>
  <message>File 118110753-EZEQUIAS DE OLIVEIRA ROCHA.zip was received. It was sent by EZEQUIAS DE OLIVEIRA ROCHA from IP 192.168.0.125</message>
</record>
</log>
<?xml version="1.0" encoding="UTF-8" standalone="no"?>
<!DOCTYPE log SYSTEM "logger.dtd">
<log>
<record>
  <date>2019-04-25T22:26:01.290-0300</date>
  <logger>EZEQUIAS DE OLIVEIRA ROCHA</logger>
  <level>FINE</level>
  <message>File 118110753-EZEQUIAS DE OLIVEIRA ROCHA.zip was received. It was sent by EZEQUIAS DE OLIVEIRA ROCHA from IP 192.168.0.125</message>
</record>
</log>
<?xml version="1.0" encoding="UTF-8" standalone="no"?>
<!DOCTYPE log SYSTEM "logger.dtd">
<log>
<record>
  <date>2019-04-26T18:54:45.286-0300</date>
  <logger>EZEQUIAS DE OLIVEIRA ROCHA</logger>
  <level>FINE</level>
  <message>File 118110753-EZEQUIAS DE OLIVEIRA ROCHA.zip was received. It was sent by EZEQUIAS DE OLIVEIRA ROCHA from IP 192.168.0.125</message>
</record>
</log>
<?xml version="1.0" encoding="UTF-8" standalone="no"?>
<!DOCTYPE log SYSTEM "logger.dtd">
<log>
<record>
  <date>2019-04-26T19:21:04.599-0300</date>
  <logger>EZEQUIAS DE OLIVEIRA ROCHA</logger>
  <level>FINE</level>
  <message>File 118110753-EZEQUIAS DE OLIVEIRA ROCHA.zip was received. It was sent by EZEQUIAS DE OLIVEIRA ROCHA from IP 192.168.0.125</message>
</record>
</log>
<?xml version="1.0" encoding="UTF-8" standalone="no"?>
<!DOCTYPE log SYSTEM "logger.dtd">
<log>
<record>
  <date>2019-04-26T19:37:53.659-0300</date>
  <logger>EZEQUIAS DE OLIVEIRA ROCHA</logger>
  <level>FINE</level>
  <message>File 118110753-EZEQUIAS DE OLIVEIRA ROCHA.zip was received. It was sent by EZEQUIAS DE OLIVEIRA ROCHA from IP 192.168.0.125</message>
</record>
