<?xml version="1.0" encoding="UTF-8" standalone="no"?>
<!DOCTYPE log SYSTEM "logger.dtd">
<log>
<record>
  <date>2019-06-06T14:15:45.499-0300</date>
  <logger>EZEQUIAS DE OLIVEIRA ROCHA</logger>
  <level>FINE</level>
  <message>File 118110753-EZEQUIAS DE OLIVEIRA ROCHA.zip was received. It was sent by EZEQUIAS DE OLIVEIRA ROCHA from IP 150.165.42.124 at 06-06-2019 14*15*45</message>
</record>
</log>
<?xml version="1.0" encoding="UTF-8" standalone="no"?>
<!DOCTYPE log SYSTEM "logger.dtd">
<log>
<record>
  <date>2019-06-06T15:18:36.873-0300</date>
  <logger>EZEQUIAS DE OLIVEIRA ROCHA</logger>
  <level>FINE</level>
  <message>File 118110753-EZEQUIAS DE OLIVEIRA ROCHA.zip was received. It was sent by EZEQUIAS DE OLIVEIRA ROCHA from IP 150.165.42.124 at 06-06-2019 15*18*36</message>
</record>
</log>
<?xml version="1.0" encoding="UTF-8" standalone="no"?>
<!DOCTYPE log SYSTEM "logger.dtd">
<log>
<record>
  <date>2019-06-06T15:36:01.545-0300</date>
  <logger>EZEQUIAS DE OLIVEIRA ROCHA</logger>
  <level>FINE</level>
  <message>File 118110753-EZEQUIAS DE OLIVEIRA ROCHA.zip was received. It was sent by EZEQUIAS DE OLIVEIRA ROCHA from IP 150.165.42.124 at 06-06-2019 15*36*01</message>
</record>
</log>
<?xml version="1.0" encoding="UTF-8" standalone="no"?>
<!DOCTYPE log SYSTEM "logger.dtd">
<log>
<record>
  <date>2019-06-06T16:16:25.977-0300</date>
  <logger>EZEQUIAS DE OLIVEIRA ROCHA</logger>
  <level>FINE</level>
  <message>File 118110753-EZEQUIAS DE OLIVEIRA ROCHA.zip was received. It was sent by EZEQUIAS DE OLIVEIRA ROCHA from IP 150.165.74.139 at 06-06-2019 16*16*25</message>
</record>
