<?xml version="1.0" encoding="UTF-8" standalone="no"?>
<!DOCTYPE log SYSTEM "logger.dtd">
<log>
<record>
  <date>2019-05-30T14:24:07.743-0300</date>
  <logger>EZEQUIAS DE OLIVEIRA ROCHA</logger>
  <level>FINE</level>
  <message>File 118110753-EZEQUIAS DE OLIVEIRA ROCHA.zip was received. It was sent by EZEQUIAS DE OLIVEIRA ROCHA from IP 192.168.0.131 at 30-05-2019 14*24*07</message>
</record>
</log>
<?xml version="1.0" encoding="UTF-8" standalone="no"?>
<!DOCTYPE log SYSTEM "logger.dtd">
<log>
<record>
  <date>2019-05-30T15:45:24.669-0300</date>
  <logger>EZEQUIAS DE OLIVEIRA ROCHA</logger>
  <level>FINE</level>
  <message>File 118110753-EZEQUIAS DE OLIVEIRA ROCHA.zip was received. It was sent by EZEQUIAS DE OLIVEIRA ROCHA from IP 192.168.0.131 at 30-05-2019 15*45*24</message>
</record>
</log>
<?xml version="1.0" encoding="UTF-8" standalone="no"?>
<!DOCTYPE log SYSTEM "logger.dtd">
<log>
<record>
  <date>2019-05-30T16:13:01.447-0300</date>
  <logger>EZEQUIAS DE OLIVEIRA ROCHA</logger>
  <level>FINE</level>
  <message>File 118110753-EZEQUIAS DE OLIVEIRA ROCHA.zip was received. It was sent by EZEQUIAS DE OLIVEIRA ROCHA from IP 192.168.0.131 at 30-05-2019 16*13*01</message>
</record>
</log>
<?xml version="1.0" encoding="UTF-8" standalone="no"?>
<!DOCTYPE log SYSTEM "logger.dtd">
<log>
<record>
  <date>2019-05-30T17:13:15.559-0300</date>
  <logger>EZEQUIAS DE OLIVEIRA ROCHA</logger>
  <level>FINE</level>
  <message>File 118110753-EZEQUIAS DE OLIVEIRA ROCHA.zip was received. It was sent by EZEQUIAS DE OLIVEIRA ROCHA from IP 192.168.0.131 at 30-05-2019 17*13*15</message>
</record>
</log>
<?xml version="1.0" encoding="UTF-8" standalone="no"?>
<!DOCTYPE log SYSTEM "logger.dtd">
<log>
<record>
  <date>2019-05-30T17:33:36.734-0300</date>
  <logger>EZEQUIAS DE OLIVEIRA ROCHA</logger>
  <level>FINE</level>
  <message>File 118110753-EZEQUIAS DE OLIVEIRA ROCHA.zip was received. It was sent by EZEQUIAS DE OLIVEIRA ROCHA from IP 192.168.0.131 at 30-05-2019 17*33*36</message>
</record>
</log>
<?xml version="1.0" encoding="UTF-8" standalone="no"?>
<!DOCTYPE log SYSTEM "logger.dtd">
<log>
<record>
  <date>2019-05-30T17:39:50.403-0300</date>
  <logger>EZEQUIAS DE OLIVEIRA ROCHA</logger>
  <level>FINE</level>
  <message>File 118110753-EZEQUIAS DE OLIVEIRA ROCHA.zip was received. It was sent by EZEQUIAS DE OLIVEIRA ROCHA from IP 192.168.0.131 at 30-05-2019 17*39*50</message>
</record>
</log>
<?xml version="1.0" encoding="UTF-8" standalone="no"?>
<!DOCTYPE log SYSTEM "logger.dtd">
<log>
<record>
  <date>2019-05-30T19:36:31.585-0300</date>
  <logger>EZEQUIAS DE OLIVEIRA ROCHA</logger>
  <level>FINE</level>
  <message>File 118110753-EZEQUIAS DE OLIVEIRA ROCHA.zip was received. It was sent by EZEQUIAS DE OLIVEIRA ROCHA from IP 192.168.0.131 at 30-05-2019 19*36*31</message>
</record>
